d:\semestre 2023-2\lcgihc20232\proyecto_final_lab_cgihc\lcgihc_diorama\lcgihc_diorama\debug\vc143.pdb
d:\semestre 2023-2\lcgihc20232\proyecto_final_lab_cgihc\lcgihc_diorama\lcgihc_diorama\debug\vc143.idb
d:\semestre 2023-2\lcgihc20232\proyecto_final_lab_cgihc\lcgihc_diorama\lcgihc_diorama\debug\window.obj
d:\semestre 2023-2\lcgihc20232\proyecto_final_lab_cgihc\lcgihc_diorama\lcgihc_diorama\debug\texture.obj
d:\semestre 2023-2\lcgihc20232\proyecto_final_lab_cgihc\lcgihc_diorama\lcgihc_diorama\debug\spotlight.obj
d:\semestre 2023-2\lcgihc20232\proyecto_final_lab_cgihc\lcgihc_diorama\lcgihc_diorama\debug\sphere.obj
d:\semestre 2023-2\lcgihc20232\proyecto_final_lab_cgihc\lcgihc_diorama\lcgihc_diorama\debug\skybox.obj
d:\semestre 2023-2\lcgihc20232\proyecto_final_lab_cgihc\lcgihc_diorama\lcgihc_diorama\debug\shader_light.obj
d:\semestre 2023-2\lcgihc20232\proyecto_final_lab_cgihc\lcgihc_diorama\lcgihc_diorama\debug\pointlight.obj
d:\semestre 2023-2\lcgihc20232\proyecto_final_lab_cgihc\lcgihc_diorama\lcgihc_diorama\debug\model.obj
d:\semestre 2023-2\lcgihc20232\proyecto_final_lab_cgihc\lcgihc_diorama\lcgihc_diorama\debug\mesh_tn.obj
d:\semestre 2023-2\lcgihc20232\proyecto_final_lab_cgihc\lcgihc_diorama\lcgihc_diorama\debug\material.obj
d:\semestre 2023-2\lcgihc20232\proyecto_final_lab_cgihc\lcgihc_diorama\lcgihc_diorama\debug\light.obj
d:\semestre 2023-2\lcgihc20232\proyecto_final_lab_cgihc\lcgihc_diorama\lcgihc_diorama\debug\directionallight.obj
d:\semestre 2023-2\lcgihc20232\proyecto_final_lab_cgihc\lcgihc_diorama\lcgihc_diorama\debug\camera.obj
d:\semestre 2023-2\lcgihc20232\proyecto_final_lab_cgihc\lcgihc_diorama\lcgihc_diorama\debug\lcgihc_diorama.obj
d:\semestre 2023-2\lcgihc20232\proyecto_final_lab_cgihc\lcgihc_diorama\debug\lcgihc_diorama.exe
d:\semestre 2023-2\lcgihc20232\proyecto_final_lab_cgihc\lcgihc_diorama\lcgihc_diorama\debug\lcgihc_diorama.ilk
d:\semestre 2023-2\lcgihc20232\proyecto_final_lab_cgihc\lcgihc_diorama\debug\lcgihc_diorama.pdb
d:\semestre 2023-2\lcgihc20232\proyecto_final_lab_cgihc\lcgihc_diorama\lcgihc_diorama\debug\camera.nativecodeanalysis.xml
d:\semestre 2023-2\lcgihc20232\proyecto_final_lab_cgihc\lcgihc_diorama\lcgihc_diorama\debug\directionallight.nativecodeanalysis.xml
d:\semestre 2023-2\lcgihc20232\proyecto_final_lab_cgihc\lcgihc_diorama\lcgihc_diorama\debug\light.nativecodeanalysis.xml
d:\semestre 2023-2\lcgihc20232\proyecto_final_lab_cgihc\lcgihc_diorama\lcgihc_diorama\debug\material.nativecodeanalysis.xml
d:\semestre 2023-2\lcgihc20232\proyecto_final_lab_cgihc\lcgihc_diorama\lcgihc_diorama\debug\mesh_tn.nativecodeanalysis.xml
d:\semestre 2023-2\lcgihc20232\proyecto_final_lab_cgihc\lcgihc_diorama\lcgihc_diorama\debug\model.nativecodeanalysis.xml
d:\semestre 2023-2\lcgihc20232\proyecto_final_lab_cgihc\lcgihc_diorama\lcgihc_diorama\debug\pointlight.nativecodeanalysis.xml
d:\semestre 2023-2\lcgihc20232\proyecto_final_lab_cgihc\lcgihc_diorama\lcgihc_diorama\debug\shader_light.nativecodeanalysis.xml
d:\semestre 2023-2\lcgihc20232\proyecto_final_lab_cgihc\lcgihc_diorama\lcgihc_diorama\debug\skybox.nativecodeanalysis.xml
d:\semestre 2023-2\lcgihc20232\proyecto_final_lab_cgihc\lcgihc_diorama\lcgihc_diorama\debug\sphere.nativecodeanalysis.xml
d:\semestre 2023-2\lcgihc20232\proyecto_final_lab_cgihc\lcgihc_diorama\lcgihc_diorama\debug\spotlight.nativecodeanalysis.xml
d:\semestre 2023-2\lcgihc20232\proyecto_final_lab_cgihc\lcgihc_diorama\lcgihc_diorama\debug\texture.nativecodeanalysis.xml
d:\semestre 2023-2\lcgihc20232\proyecto_final_lab_cgihc\lcgihc_diorama\lcgihc_diorama\debug\window.nativecodeanalysis.xml
d:\semestre 2023-2\lcgihc20232\proyecto_final_lab_cgihc\lcgihc_diorama\lcgihc_diorama\debug\lcgihc_diorama.tlog\cl.command.1.tlog
d:\semestre 2023-2\lcgihc20232\proyecto_final_lab_cgihc\lcgihc_diorama\lcgihc_diorama\debug\lcgihc_diorama.tlog\cl.items.tlog
d:\semestre 2023-2\lcgihc20232\proyecto_final_lab_cgihc\lcgihc_diorama\lcgihc_diorama\debug\lcgihc_diorama.tlog\cl.read.1.tlog
d:\semestre 2023-2\lcgihc20232\proyecto_final_lab_cgihc\lcgihc_diorama\lcgihc_diorama\debug\lcgihc_diorama.tlog\cl.write.1.tlog
d:\semestre 2023-2\lcgihc20232\proyecto_final_lab_cgihc\lcgihc_diorama\lcgihc_diorama\debug\lcgihc_diorama.tlog\link.command.1.tlog
d:\semestre 2023-2\lcgihc20232\proyecto_final_lab_cgihc\lcgihc_diorama\lcgihc_diorama\debug\lcgihc_diorama.tlog\link.read.1.tlog
d:\semestre 2023-2\lcgihc20232\proyecto_final_lab_cgihc\lcgihc_diorama\lcgihc_diorama\debug\lcgihc_diorama.tlog\link.write.1.tlog
